make: /gcc: Command not found
make -f scripts/Makefile.clean obj=arch/arm/boot
make -f scripts/Makefile.clean obj=arch/arm/boot/bootp
make -f scripts/Makefile.clean obj=arch/arm/boot/compressed
make -f scripts/Makefile.clean obj=/home/rodderik/android_kernel_epic4g_gb/kernel
make -f scripts/Makefile.clean obj=arch/arm/common
make -f scripts/Makefile.clean obj=arch/arm/kernel
make -f scripts/Makefile.clean obj=arch/arm/lib
make -f scripts/Makefile.clean obj=arch/arm/mm
make -f scripts/Makefile.clean obj=arch/arm/nwfpe
make -f scripts/Makefile.clean obj=arch/arm/oprofile
make -f scripts/Makefile.clean obj=arch/arm/vfp
make -f scripts/Makefile.clean obj=block
make -f scripts/Makefile.clean obj=crypto
make -f scripts/Makefile.clean obj=crypto/async_tx
make -f scripts/Makefile.clean obj=drivers
make -f scripts/Makefile.clean obj=drivers/accessibility
make -f scripts/Makefile.clean obj=drivers/accessibility/braille
make -f scripts/Makefile.clean obj=drivers/acpi
make -f scripts/Makefile.clean obj=drivers/acpi/acpica
make -f scripts/Makefile.clean obj=drivers/acpi/apei
make -f scripts/Makefile.clean obj=drivers/amba
make -f scripts/Makefile.clean obj=drivers/ata
make -f scripts/Makefile.clean obj=drivers/atm
make -f scripts/Makefile.clean obj=drivers/auxdisplay
make -f scripts/Makefile.clean obj=drivers/base
make -f scripts/Makefile.clean obj=drivers/base/power
make -f scripts/Makefile.clean obj=drivers/block
make -f scripts/Makefile.clean obj=drivers/block/drbd
make -f scripts/Makefile.clean obj=drivers/block/aoe
make -f scripts/Makefile.clean obj=drivers/block/paride
make -f scripts/Makefile.clean obj=drivers/bluetooth
make -f scripts/Makefile.clean obj=drivers/cdrom
make -f scripts/Makefile.clean obj=drivers/char
make -f scripts/Makefile.clean obj=drivers/char/agp
make -f scripts/Makefile.clean obj=drivers/char/hw_random
make -f scripts/Makefile.clean obj=drivers/char/ip2
make -f scripts/Makefile.clean obj=drivers/char/ipmi
make -f scripts/Makefile.clean obj=drivers/char/mwave
make -f scripts/Makefile.clean obj=drivers/char/pcmcia
make -f scripts/Makefile.clean obj=drivers/char/pcmcia/ipwireless
make -f scripts/Makefile.clean obj=drivers/char/rio
make -f scripts/Makefile.clean obj=drivers/char/tpm
make -f scripts/Makefile.clean obj=drivers/char/xilinx_hwicap
make -f scripts/Makefile.clean obj=drivers/clocksource
make -f scripts/Makefile.clean obj=drivers/connector
make -f scripts/Makefile.clean obj=drivers/cpufreq
make -f scripts/Makefile.clean obj=drivers/cpuidle
make -f scripts/Makefile.clean obj=drivers/cpuidle/governors
make -f scripts/Makefile.clean obj=drivers/crypto
make -f scripts/Makefile.clean obj=drivers/crypto/amcc
make -f scripts/Makefile.clean obj=drivers/dca
make -f scripts/Makefile.clean obj=drivers/dio
make -f scripts/Makefile.clean obj=drivers/dma
make -f scripts/Makefile.clean obj=drivers/dma/ioat
make -f scripts/Makefile.clean obj=drivers/dma/ipu
make -f scripts/Makefile.clean obj=drivers/dma/ppc4xx
make -f scripts/Makefile.clean obj=drivers/edac
make -f scripts/Makefile.clean obj=drivers/eisa
make -f scripts/Makefile.clean obj=drivers/firewire
make -f scripts/Makefile.clean obj=drivers/firmware
make -f scripts/Makefile.clean obj=drivers/gpio
make -f scripts/Makefile.clean obj=drivers/gpu
make -f scripts/Makefile.clean obj=drivers/gpu/drm
make -f scripts/Makefile.clean obj=drivers/gpu/drm/i2c
make -f scripts/Makefile.clean obj=drivers/gpu/drm/i810
make -f scripts/Makefile.clean obj=drivers/gpu/drm/i830
make -f scripts/Makefile.clean obj=drivers/gpu/drm/i915
make -f scripts/Makefile.clean obj=drivers/gpu/drm/mga
make -f scripts/Makefile.clean obj=drivers/gpu/drm/nouveau
make -f scripts/Makefile.clean obj=drivers/gpu/drm/r128
make -f scripts/Makefile.clean obj=drivers/gpu/drm/radeon
make -f scripts/Makefile.clean obj=drivers/gpu/drm/savage
make -f scripts/Makefile.clean obj=drivers/gpu/drm/sis
make -f scripts/Makefile.clean obj=drivers/gpu/drm/tdfx
make -f scripts/Makefile.clean obj=drivers/gpu/drm/ttm
make -f scripts/Makefile.clean obj=drivers/gpu/drm/via
make -f scripts/Makefile.clean obj=drivers/gpu/drm/vmwgfx
make -f scripts/Makefile.clean obj=drivers/gpu/pvr
make -f scripts/Makefile.clean obj=drivers/gpu/vga
make -f scripts/Makefile.clean obj=drivers/hid
make -f scripts/Makefile.clean obj=drivers/hid/usbhid
make -f scripts/Makefile.clean obj=drivers/hwmon
make -f scripts/Makefile.clean obj=drivers/hwmon/ams
make -f scripts/Makefile.clean obj=drivers/i2c
make -f scripts/Makefile.clean obj=drivers/i2c/algos
make -f scripts/Makefile.clean obj=drivers/i2c/busses
make -f scripts/Makefile.clean obj=drivers/ide
make -f scripts/Makefile.clean obj=drivers/idle
make -f scripts/Makefile.clean obj=drivers/ieee1394
make -f scripts/Makefile.clean obj=drivers/ieee802154
make -f scripts/Makefile.clean obj=drivers/infiniband
make -f scripts/Makefile.clean obj=drivers/infiniband/core
make -f scripts/Makefile.clean obj=drivers/infiniband/hw/amso1100
make -f scripts/Makefile.clean obj=drivers/infiniband/hw/cxgb3
make -f scripts/Makefile.clean obj=drivers/infiniband/hw/cxgb4
make -f scripts/Makefile.clean obj=drivers/infiniband/hw/ehca
make -f scripts/Makefile.clean obj=drivers/infiniband/hw/ipath
make -f scripts/Makefile.clean obj=drivers/infiniband/hw/mlx4
make -f scripts/Makefile.clean obj=drivers/infiniband/hw/mthca
make -f scripts/Makefile.clean obj=drivers/infiniband/hw/nes
make -f scripts/Makefile.clean obj=drivers/infiniband/hw/qib
make -f scripts/Makefile.clean obj=drivers/infiniband/ulp/ipoib
make -f scripts/Makefile.clean obj=drivers/infiniband/ulp/iser
make -f scripts/Makefile.clean obj=drivers/infiniband/ulp/srp
make -f scripts/Makefile.clean obj=drivers/input
make -f scripts/Makefile.clean obj=drivers/input/joystick
make -f scripts/Makefile.clean obj=drivers/input/joystick/iforce
make -f scripts/Makefile.clean obj=drivers/input/keyboard
make -f scripts/Makefile.clean obj=drivers/input/misc
make -f scripts/Makefile.clean obj=drivers/input/mouse
make -f scripts/Makefile.clean obj=drivers/input/tablet
make -f scripts/Makefile.clean obj=drivers/input/touchscreen
make -f scripts/Makefile.clean obj=drivers/input/gameport
make -f scripts/Makefile.clean obj=drivers/input/serio
make -f scripts/Makefile.clean obj=drivers/isdn
make -f scripts/Makefile.clean obj=drivers/isdn/act2000
make -f scripts/Makefile.clean obj=drivers/isdn/capi
make -f scripts/Makefile.clean obj=drivers/isdn/divert
make -f scripts/Makefile.clean obj=drivers/isdn/gigaset
make -f scripts/Makefile.clean obj=drivers/isdn/hardware
make -f scripts/Makefile.clean obj=drivers/isdn/hardware/avm
make -f scripts/Makefile.clean obj=drivers/isdn/hardware/eicon
make -f scripts/Makefile.clean obj=drivers/isdn/hardware/mISDN
make -f scripts/Makefile.clean obj=drivers/isdn/hisax
make -f scripts/Makefile.clean obj=drivers/isdn/hysdn
make -f scripts/Makefile.clean obj=drivers/isdn/i4l
make -f scripts/Makefile.clean obj=drivers/isdn/icn
make -f scripts/Makefile.clean obj=drivers/isdn/isdnloop
make -f scripts/Makefile.clean obj=drivers/isdn/mISDN
make -f scripts/Makefile.clean obj=drivers/isdn/pcbit
make -f scripts/Makefile.clean obj=drivers/isdn/sc
make -f scripts/Makefile.clean obj=drivers/leds
make -f scripts/Makefile.clean obj=drivers/level
make -f scripts/Makefile.clean obj=drivers/lguest
make -f scripts/Makefile.clean obj=drivers/macintosh
make -f scripts/Makefile.clean obj=drivers/mca
make -f scripts/Makefile.clean obj=drivers/md
make -f scripts/Makefile.clean obj=drivers/media
make -f scripts/Makefile.clean obj=drivers/media/IR
make -f scripts/Makefile.clean obj=drivers/media/IR/keymaps
make -f scripts/Makefile.clean obj=drivers/media/common
make -f scripts/Makefile.clean obj=drivers/media/common/tuners
make -f scripts/Makefile.clean obj=drivers/media/dvb
make -f scripts/Makefile.clean obj=drivers/media/dvb/b2c2
make -f scripts/Makefile.clean obj=drivers/media/dvb/bt8xx
make -f scripts/Makefile.clean obj=drivers/media/dvb/dm1105
make -f scripts/Makefile.clean obj=drivers/media/dvb/dvb-core
make -f scripts/Makefile.clean obj=drivers/media/dvb/dvb-usb
make -f scripts/Makefile.clean obj=drivers/media/dvb/firewire
make -f scripts/Makefile.clean obj=drivers/media/dvb/frontends
make -f scripts/Makefile.clean obj=drivers/media/dvb/mantis
make -f scripts/Makefile.clean obj=drivers/media/dvb/ngene
make -f scripts/Makefile.clean obj=drivers/media/dvb/pluto2
make -f scripts/Makefile.clean obj=drivers/media/dvb/pt1
make -f scripts/Makefile.clean obj=drivers/media/dvb/siano
make -f scripts/Makefile.clean obj=drivers/media/dvb/ttpci
make -f scripts/Makefile.clean obj=drivers/media/dvb/ttusb-budget
make -f scripts/Makefile.clean obj=drivers/media/dvb/ttusb-dec
make -f scripts/Makefile.clean obj=drivers/media/radio
make -f scripts/Makefile.clean obj=drivers/media/radio/si470x
make -f scripts/Makefile.clean obj=drivers/media/video
make -f scripts/Makefile.clean obj=drivers/media/video/au0828
make -f scripts/Makefile.clean obj=drivers/media/video/bt8xx
make -f scripts/Makefile.clean obj=drivers/media/video/cpia2
make -f scripts/Makefile.clean obj=drivers/media/video/cx18
make -f scripts/Makefile.clean obj=drivers/media/video/cx231xx
make -f scripts/Makefile.clean obj=drivers/media/video/cx23885
make -f scripts/Makefile.clean obj=drivers/media/video/cx25840
make -f scripts/Makefile.clean obj=drivers/media/video/cx88
make -f scripts/Makefile.clean obj=drivers/media/video/davinci
make -f scripts/Makefile.clean obj=drivers/media/video/em28xx
make -f scripts/Makefile.clean obj=drivers/media/video/et61x251
make -f scripts/Makefile.clean obj=drivers/media/video/gspca
make -f scripts/Makefile.clean obj=drivers/media/video/gspca/gl860
make -f scripts/Makefile.clean obj=drivers/media/video/gspca/m5602
make -f scripts/Makefile.clean obj=drivers/media/video/gspca/stv06xx
make -f scripts/Makefile.clean obj=drivers/media/video/hdpvr
make -f scripts/Makefile.clean obj=drivers/media/video/ivtv
make -f scripts/Makefile.clean obj=drivers/media/video/omap
make -f scripts/Makefile.clean obj=drivers/media/video/ovcamchip
make -f scripts/Makefile.clean obj=drivers/media/video/pvrusb2
make -f scripts/Makefile.clean obj=drivers/media/video/pwc
make -f scripts/Makefile.clean obj=drivers/media/video/saa7134
make -f scripts/Makefile.clean obj=drivers/media/video/saa7164
make -f scripts/Makefile.clean obj=drivers/media/video/samsung
make -f scripts/Makefile.clean obj=drivers/media/video/samsung/fimc
make -f scripts/Makefile.clean obj=drivers/media/video/samsung/jpeg_v2
make -f scripts/Makefile.clean obj=drivers/media/video/samsung/mfc50
make -f scripts/Makefile.clean obj=drivers/media/video/sn9c102
make -f scripts/Makefile.clean obj=drivers/media/video/tlg2300
make -f scripts/Makefile.clean obj=drivers/media/video/usbvideo
make -f scripts/Makefile.clean obj=drivers/media/video/usbvision
make -f scripts/Makefile.clean obj=drivers/media/video/uvc
make -f scripts/Makefile.clean obj=drivers/media/video/zc0301
make -f scripts/Makefile.clean obj=drivers/media/video/zoran
make -f scripts/Makefile.clean obj=drivers/memstick
make -f scripts/Makefile.clean obj=drivers/memstick/core
make -f scripts/Makefile.clean obj=drivers/memstick/host
make -f scripts/Makefile.clean obj=drivers/message
make -f scripts/Makefile.clean obj=drivers/message/fusion
make -f scripts/Makefile.clean obj=drivers/message/i2o
make -f scripts/Makefile.clean obj=drivers/mfd
make -f scripts/Makefile.clean obj=drivers/misc
make -f scripts/Makefile.clean obj=drivers/misc/c2port
make -f scripts/Makefile.clean obj=drivers/misc/cb710
make -f scripts/Makefile.clean obj=drivers/misc/eeprom
make -f scripts/Makefile.clean obj=drivers/misc/ibmasm
make -f scripts/Makefile.clean obj=drivers/misc/iwmc3200top
make -f scripts/Makefile.clean obj=drivers/misc/level
make -f scripts/Makefile.clean obj=drivers/misc/param
make -f scripts/Makefile.clean obj=drivers/misc/sgi-gru
make -f scripts/Makefile.clean obj=drivers/misc/sgi-xp
make -f scripts/Makefile.clean obj=drivers/misc/vibetonz
make -f scripts/Makefile.clean obj=drivers/mmc
make -f scripts/Makefile.clean obj=drivers/mmc/card
make -f scripts/Makefile.clean obj=drivers/mmc/core
make -f scripts/Makefile.clean obj=drivers/mmc/host
make -f scripts/Makefile.clean obj=drivers/mtd
make -f scripts/Makefile.clean obj=drivers/mtd/chips
make -f scripts/Makefile.clean obj=drivers/mtd/devices
make -f scripts/Makefile.clean obj=drivers/mtd/lpddr
make -f scripts/Makefile.clean obj=drivers/mtd/maps
make -f scripts/Makefile.clean obj=drivers/mtd/nand
make -f scripts/Makefile.clean obj=drivers/mtd/onenand
make -f scripts/Makefile.clean obj=drivers/mtd/tests
make -f scripts/Makefile.clean obj=drivers/mtd/ubi
make -f scripts/Makefile.clean obj=drivers/net
make -f scripts/Makefile.clean obj=drivers/net/appletalk
make -f scripts/Makefile.clean obj=drivers/net/arcnet
make -f scripts/Makefile.clean obj=drivers/net/arm
make -f scripts/Makefile.clean obj=drivers/net/atl1c
make -f scripts/Makefile.clean obj=drivers/net/atl1e
make -f scripts/Makefile.clean obj=drivers/net/atlx
make -f scripts/Makefile.clean obj=drivers/net/benet
make -f scripts/Makefile.clean obj=drivers/net/bonding
make -f scripts/Makefile.clean obj=drivers/net/caif
make -f scripts/Makefile.clean obj=drivers/net/can
make -f scripts/Makefile.clean obj=drivers/net/can/mscan
make -f scripts/Makefile.clean obj=drivers/net/can/sja1000
make -f scripts/Makefile.clean obj=drivers/net/can/usb
make -f scripts/Makefile.clean obj=drivers/net/chelsio
make -f scripts/Makefile.clean obj=drivers/net/cris
make -f scripts/Makefile.clean obj=drivers/net/cxgb3
make -f scripts/Makefile.clean obj=drivers/net/cxgb4
make -f scripts/Makefile.clean obj=drivers/net/e1000
make -f scripts/Makefile.clean obj=drivers/net/e1000e
make -f scripts/Makefile.clean obj=drivers/net/ehea
make -f scripts/Makefile.clean obj=drivers/net/enic
make -f scripts/Makefile.clean obj=drivers/net/fs_enet
make -f scripts/Makefile.clean obj=drivers/net/hamradio
make -f scripts/Makefile.clean obj=drivers/net/ibm_newemac
make -f scripts/Makefile.clean obj=drivers/net/igb
make -f scripts/Makefile.clean obj=drivers/net/igbvf
make -f scripts/Makefile.clean obj=drivers/net/irda
make -f scripts/Makefile.clean obj=drivers/net/ixgb
make -f scripts/Makefile.clean obj=drivers/net/ixgbe
make -f scripts/Makefile.clean obj=drivers/net/ixgbevf
make -f scripts/Makefile.clean obj=drivers/net/ixp2000
make -f scripts/Makefile.clean obj=drivers/net/mlx4
make -f scripts/Makefile.clean obj=drivers/net/myri10ge
make -f scripts/Makefile.clean obj=drivers/net/netxen
make -f scripts/Makefile.clean obj=drivers/net/octeon
make -f scripts/Makefile.clean obj=drivers/net/pcmcia
make -f scripts/Makefile.clean obj=drivers/net/phy
make -f scripts/Makefile.clean obj=drivers/net/qlcnic
make -f scripts/Makefile.clean obj=drivers/net/qlge
make -f scripts/Makefile.clean obj=drivers/net/sfc
make -f scripts/Makefile.clean obj=drivers/net/skfp
make -f scripts/Makefile.clean obj=drivers/net/stmmac
make -f scripts/Makefile.clean obj=drivers/net/tokenring
make -f scripts/Makefile.clean obj=drivers/net/tulip
make -f scripts/Makefile.clean obj=drivers/net/usb
make -f scripts/Makefile.clean obj=drivers/net/vmxnet3
make -f scripts/Makefile.clean obj=drivers/net/vxge
make -f scripts/Makefile.clean obj=drivers/net/wan
make -f scripts/Makefile.clean obj=drivers/net/wan/lmc
make -f scripts/Makefile.clean obj=drivers/net/wimax
make -f scripts/Makefile.clean obj=drivers/net/wireless
make -f scripts/Makefile.clean obj=drivers/net/wireless/ath
make -f scripts/Makefile.clean obj=drivers/net/wireless/ath/ar9170
make -f scripts/Makefile.clean obj=drivers/net/wireless/ath/ath5k
make -f scripts/Makefile.clean obj=drivers/net/wireless/ath/ath9k
make -f scripts/Makefile.clean obj=drivers/net/wireless/b43
make -f scripts/Makefile.clean obj=drivers/net/wireless/b43legacy
make -f scripts/Makefile.clean obj=drivers/net/wireless/hostap
make -f scripts/Makefile.clean obj=drivers/net/wireless/ipw2x00
make -f scripts/Makefile.clean obj=drivers/net/wireless/iwlwifi
make -f scripts/Makefile.clean obj=drivers/net/wireless/iwmc3200wifi
make -f scripts/Makefile.clean obj=drivers/net/wireless/libertas
make -f scripts/Makefile.clean obj=drivers/net/wireless/libertas_tf
make -f scripts/Makefile.clean obj=drivers/net/wireless/orinoco
make -f scripts/Makefile.clean obj=drivers/net/wireless/p54
make -f scripts/Makefile.clean obj=drivers/net/wireless/prism54
make -f scripts/Makefile.clean obj=drivers/net/wireless/rt2x00
make -f scripts/Makefile.clean obj=drivers/net/wireless/rtl818x
make -f scripts/Makefile.clean obj=drivers/net/wireless/wimax
make -f scripts/Makefile.clean obj=drivers/net/wireless/wimaxgpio
make -f scripts/Makefile.clean obj=drivers/net/wireless/wl12xx
make -f scripts/Makefile.clean obj=drivers/net/wireless/zd1211rw
make -f scripts/Makefile.clean obj=drivers/nubus
make -f scripts/Makefile.clean obj=drivers/of
make -f scripts/Makefile.clean obj=drivers/parisc
make -f scripts/Makefile.clean obj=drivers/parport
make -f scripts/Makefile.clean obj=drivers/pci
make -f scripts/Makefile.clean obj=drivers/pci/hotplug
make -f scripts/Makefile.clean obj=drivers/pci/pcie
make -f scripts/Makefile.clean obj=drivers/pci/pcie/aer
make -f scripts/Makefile.clean obj=drivers/pci/pcie/pme
make -f scripts/Makefile.clean obj=drivers/pcmcia
make -f scripts/Makefile.clean obj=drivers/platform
make -f scripts/Makefile.clean obj=drivers/platform/x86
make -f scripts/Makefile.clean obj=drivers/pnp
make -f scripts/Makefile.clean obj=drivers/pnp/isapnp
make -f scripts/Makefile.clean obj=drivers/pnp/pnpacpi
make -f scripts/Makefile.clean obj=drivers/pnp/pnpbios
make -f scripts/Makefile.clean obj=drivers/power
make -f scripts/Makefile.clean obj=drivers/pps
make -f scripts/Makefile.clean obj=drivers/pps/clients
make -f scripts/Makefile.clean obj=drivers/ps3
make -f scripts/Makefile.clean obj=drivers/rapidio
make -f scripts/Makefile.clean obj=drivers/rapidio/switches
make -f scripts/Makefile.clean obj=drivers/regulator
make -f scripts/Makefile.clean obj=drivers/rtc
make -f scripts/Makefile.clean obj=drivers/sbus
make -f scripts/Makefile.clean obj=drivers/sbus/char
make -f scripts/Makefile.clean obj=drivers/scsi
make -f scripts/Makefile.clean obj=drivers/scsi/aacraid
make -f scripts/Makefile.clean obj=drivers/scsi/aic7xxx
make -f scripts/Makefile.clean obj=drivers/scsi/aic7xxx/aicasm
make -f scripts/Makefile.clean obj=drivers/scsi/aic94xx
make -f scripts/Makefile.clean obj=drivers/scsi/arcmsr
make -f scripts/Makefile.clean obj=drivers/scsi/arm
make -f scripts/Makefile.clean obj=drivers/scsi/be2iscsi
make -f scripts/Makefile.clean obj=drivers/scsi/bfa
make -f scripts/Makefile.clean obj=drivers/scsi/bnx2i
make -f scripts/Makefile.clean obj=drivers/scsi/cxgb3i
make -f scripts/Makefile.clean obj=drivers/scsi/device_handler
make -f scripts/Makefile.clean obj=drivers/scsi/fcoe
make -f scripts/Makefile.clean obj=drivers/scsi/fnic
make -f scripts/Makefile.clean obj=drivers/scsi/ibmvscsi
make -f scripts/Makefile.clean obj=drivers/scsi/libfc
make -f scripts/Makefile.clean obj=drivers/scsi/libsas
make -f scripts/Makefile.clean obj=drivers/scsi/lpfc
make -f scripts/Makefile.clean obj=drivers/scsi/megaraid
make -f scripts/Makefile.clean obj=drivers/scsi/mpt2sas
make -f scripts/Makefile.clean obj=drivers/scsi/mvsas
make -f scripts/Makefile.clean obj=drivers/scsi/osd
make -f scripts/Makefile.clean obj=drivers/scsi/pcmcia
make -f scripts/Makefile.clean obj=drivers/scsi/pm8001
make -f scripts/Makefile.clean obj=drivers/scsi/qla2xxx
make -f scripts/Makefile.clean obj=drivers/scsi/qla4xxx
make -f scripts/Makefile.clean obj=drivers/scsi/sym53c8xx_2
make -f scripts/Makefile.clean obj=drivers/serial
make -f scripts/Makefile.clean obj=drivers/serial/cpm_uart
make -f scripts/Makefile.clean obj=drivers/serial/jsm
make -f scripts/Makefile.clean obj=drivers/sfi
make -f scripts/Makefile.clean obj=drivers/sh
make -f scripts/Makefile.clean obj=drivers/sh/maple
make -f scripts/Makefile.clean obj=drivers/sh/superhyway
make -f scripts/Makefile.clean obj=drivers/sn
make -f scripts/Makefile.clean obj=drivers/spi
make -f scripts/Makefile.clean obj=drivers/ssb
make -f scripts/Makefile.clean obj=drivers/staging
make -f scripts/Makefile.clean obj=drivers/staging/adis16255
make -f scripts/Makefile.clean obj=drivers/staging/android
make -f scripts/Makefile.clean obj=drivers/staging/asus_oled
make -f scripts/Makefile.clean obj=drivers/staging/batman-adv
make -f scripts/Makefile.clean obj=drivers/staging/comedi
make -f scripts/Makefile.clean obj=drivers/staging/comedi/drivers
make -f scripts/Makefile.clean obj=drivers/staging/comedi/kcomedilib
make -f scripts/Makefile.clean obj=drivers/staging/crystalhd
make -f scripts/Makefile.clean obj=drivers/staging/cx25821
make -f scripts/Makefile.clean obj=drivers/staging/cxt1e1
make -f scripts/Makefile.clean obj=drivers/staging/dream
make -f scripts/Makefile.clean obj=drivers/staging/dream/camera
make -f scripts/Makefile.clean obj=drivers/staging/dream/qdsp5
make -f scripts/Makefile.clean obj=drivers/staging/dt3155
make -f scripts/Makefile.clean obj=drivers/staging/dt3155v4l
make -f scripts/Makefile.clean obj=drivers/staging/echo
make -f scripts/Makefile.clean obj=drivers/staging/et131x
make -f scripts/Makefile.clean obj=drivers/staging/frontier
make -f scripts/Makefile.clean obj=drivers/staging/go7007
make -f scripts/Makefile.clean obj=drivers/staging/hv
make -f scripts/Makefile.clean obj=drivers/staging/iio
make -f scripts/Makefile.clean obj=drivers/staging/iio/accel
make -f scripts/Makefile.clean obj=drivers/staging/iio/adc
make -f scripts/Makefile.clean obj=drivers/staging/iio/gyro
make -f scripts/Makefile.clean obj=drivers/staging/iio/imu
make -f scripts/Makefile.clean obj=drivers/staging/iio/light
make -f scripts/Makefile.clean obj=drivers/staging/iio/trigger
make -f scripts/Makefile.clean obj=drivers/staging/line6
make -f scripts/Makefile.clean obj=drivers/staging/memrar
make -f scripts/Makefile.clean obj=drivers/staging/mrst-touchscreen
make -f scripts/Makefile.clean obj=drivers/staging/msm
make -f scripts/Makefile.clean obj=drivers/staging/octeon
make -f scripts/Makefile.clean obj=drivers/staging/otus
make -f scripts/Makefile.clean obj=drivers/staging/panel
make -f scripts/Makefile.clean obj=drivers/staging/phison
make -f scripts/Makefile.clean obj=drivers/staging/pohmelfs
make -f scripts/Makefile.clean obj=drivers/staging/quatech_usb2
make -f scripts/Makefile.clean obj=drivers/staging/ramzswap
make -f scripts/Makefile.clean obj=drivers/staging/rar_register
make -f scripts/Makefile.clean obj=drivers/staging/rt2860
make -f scripts/Makefile.clean obj=drivers/staging/rt2870
make -f scripts/Makefile.clean obj=drivers/staging/rtl8187se
make -f scripts/Makefile.clean obj=drivers/staging/rtl8192e
make -f scripts/Makefile.clean obj=drivers/staging/rtl8192su
make -f scripts/Makefile.clean obj=drivers/staging/rtl8192u
make -f scripts/Makefile.clean obj=drivers/staging/samsung-laptop
make -f scripts/Makefile.clean obj=drivers/staging/sep
make -f scripts/Makefile.clean obj=drivers/staging/serqt_usb2
make -f scripts/Makefile.clean obj=drivers/staging/slicoss
make -f scripts/Makefile.clean obj=drivers/staging/sm7xx
make -f scripts/Makefile.clean obj=drivers/staging/ti-st
make -f scripts/Makefile.clean obj=drivers/staging/tm6000
make -f scripts/Makefile.clean obj=drivers/staging/udlfb
make -f scripts/Makefile.clean obj=drivers/staging/usbip
make -f scripts/Makefile.clean obj=drivers/staging/vme
make -f scripts/Makefile.clean obj=drivers/staging/vme/boards
make -f scripts/Makefile.clean obj=drivers/staging/vme/bridges
make -f scripts/Makefile.clean obj=drivers/staging/vme/devices
make -f scripts/Makefile.clean obj=drivers/staging/vt6655
make -f scripts/Makefile.clean obj=drivers/staging/vt6656
make -f scripts/Makefile.clean obj=drivers/staging/winbond
make -f scripts/Makefile.clean obj=drivers/staging/wlags49_h2
make -f scripts/Makefile.clean obj=drivers/staging/wlags49_h25
make -f scripts/Makefile.clean obj=drivers/staging/wlan-ng
make -f scripts/Makefile.clean obj=drivers/staging/xgifb
make -f scripts/Makefile.clean obj=drivers/switch
make -f scripts/Makefile.clean obj=drivers/tc
make -f scripts/Makefile.clean obj=drivers/telephony
make -f scripts/Makefile.clean obj=drivers/thermal
make -f scripts/Makefile.clean obj=drivers/uio
make -f scripts/Makefile.clean obj=drivers/usb
make -f scripts/Makefile.clean obj=drivers/usb/atm
make -f scripts/Makefile.clean obj=drivers/usb/c67x00
make -f scripts/Makefile.clean obj=drivers/usb/class
make -f scripts/Makefile.clean obj=drivers/usb/core
make -f scripts/Makefile.clean obj=drivers/usb/early
make -f scripts/Makefile.clean obj=drivers/usb/host
make -f scripts/Makefile.clean obj=drivers/usb/host/whci
make -f scripts/Makefile.clean obj=drivers/usb/image
make -f scripts/Makefile.clean obj=drivers/usb/misc
make -f scripts/Makefile.clean obj=drivers/usb/misc/sisusbvga
make -f scripts/Makefile.clean obj=drivers/usb/mon
make -f scripts/Makefile.clean obj=drivers/usb/serial
make -f scripts/Makefile.clean obj=drivers/usb/storage
make -f scripts/Makefile.clean obj=drivers/usb/wusbcore
make -f scripts/Makefile.clean obj=drivers/usb/gadget
make -f scripts/Makefile.clean obj=drivers/usb/musb
make -f scripts/Makefile.clean obj=drivers/usb/otg
make -f scripts/Makefile.clean obj=drivers/uwb
make -f scripts/Makefile.clean obj=drivers/uwb/i1480
make -f scripts/Makefile.clean obj=drivers/uwb/i1480/dfu
make -f scripts/Makefile.clean obj=drivers/uwb/i1480/i1480u-wlp
make -f scripts/Makefile.clean obj=drivers/uwb/wlp
make -f scripts/Makefile.clean obj=drivers/vhost
make -f scripts/Makefile.clean obj=drivers/video
make -f scripts/Makefile.clean obj=drivers/video/aty
make -f scripts/Makefile.clean obj=drivers/video/backlight
make -f scripts/Makefile.clean obj=drivers/video/console
make -f scripts/Makefile.clean obj=drivers/video/display
make -f scripts/Makefile.clean obj=drivers/video/geode
make -f scripts/Makefile.clean obj=drivers/video/kyro
make -f scripts/Makefile.clean obj=drivers/video/logo
make -f scripts/Makefile.clean obj=drivers/video/matrox
make -f scripts/Makefile.clean obj=drivers/video/mb862xx
make -f scripts/Makefile.clean obj=drivers/video/mbx
make -f scripts/Makefile.clean obj=drivers/video/msm
make -f scripts/Makefile.clean obj=drivers/video/nvidia
make -f scripts/Makefile.clean obj=drivers/video/omap
make -f scripts/Makefile.clean obj=drivers/video/omap2
make -f scripts/Makefile.clean obj=drivers/video/omap2/displays
make -f scripts/Makefile.clean obj=drivers/video/omap2/dss
make -f scripts/Makefile.clean obj=drivers/video/omap2/omapfb
make -f scripts/Makefile.clean obj=drivers/video/pnx4008
make -f scripts/Makefile.clean obj=drivers/video/riva
make -f scripts/Makefile.clean obj=drivers/video/samsung
make -f scripts/Makefile.clean obj=drivers/video/savage
make -f scripts/Makefile.clean obj=drivers/video/sis
make -f scripts/Makefile.clean obj=drivers/video/vermilion
make -f scripts/Makefile.clean obj=drivers/video/via
make -f scripts/Makefile.clean obj=drivers/video/i810
make -f scripts/Makefile.clean obj=drivers/video/intelfb
make -f scripts/Makefile.clean obj=drivers/virtio
make -f scripts/Makefile.clean obj=drivers/vlynq
make -f scripts/Makefile.clean obj=drivers/w1
make -f scripts/Makefile.clean obj=drivers/w1/masters
make -f scripts/Makefile.clean obj=drivers/w1/slaves
make -f scripts/Makefile.clean obj=drivers/watchdog
make -f scripts/Makefile.clean obj=drivers/xen
make -f scripts/Makefile.clean obj=drivers/xen/xenbus
make -f scripts/Makefile.clean obj=drivers/xen/xenfs
make -f scripts/Makefile.clean obj=drivers/zorro
make -f scripts/Makefile.clean obj=firmware
make -f scripts/Makefile.clean obj=fs
make -f scripts/Makefile.clean obj=fs/9p
make -f scripts/Makefile.clean obj=fs/adfs
make -f scripts/Makefile.clean obj=fs/affs
make -f scripts/Makefile.clean obj=fs/afs
make -f scripts/Makefile.clean obj=fs/autofs
make -f scripts/Makefile.clean obj=fs/autofs4
make -f scripts/Makefile.clean obj=fs/befs
make -f scripts/Makefile.clean obj=fs/bfs
make -f scripts/Makefile.clean obj=fs/btrfs
make -f scripts/Makefile.clean obj=fs/cachefiles
make -f scripts/Makefile.clean obj=fs/ceph
make -f scripts/Makefile.clean obj=fs/cifs
make -f scripts/Makefile.clean obj=fs/coda
make -f scripts/Makefile.clean obj=fs/configfs
make -f scripts/Makefile.clean obj=fs/cramfs
make -f scripts/Makefile.clean obj=fs/debugfs
make -f scripts/Makefile.clean obj=fs/devpts
make -f scripts/Makefile.clean obj=fs/dlm
make -f scripts/Makefile.clean obj=fs/ecryptfs
make -f scripts/Makefile.clean obj=fs/efs
make -f scripts/Makefile.clean obj=fs/exofs
make -f scripts/Makefile.clean obj=fs/exportfs
make -f scripts/Makefile.clean obj=fs/ext2
make -f scripts/Makefile.clean obj=fs/ext3
make -f scripts/Makefile.clean obj=fs/ext4
make -f scripts/Makefile.clean obj=fs/fat
make -f scripts/Makefile.clean obj=fs/freevxfs
make -f scripts/Makefile.clean obj=fs/fscache
make -f scripts/Makefile.clean obj=fs/fuse
make -f scripts/Makefile.clean obj=fs/gfs2
make -f scripts/Makefile.clean obj=fs/hfs
make -f scripts/Makefile.clean obj=fs/hfsplus
make -f scripts/Makefile.clean obj=fs/hostfs
make -f scripts/Makefile.clean obj=fs/hpfs
make -f scripts/Makefile.clean obj=fs/hppfs
make -f scripts/Makefile.clean obj=fs/hugetlbfs
make -f scripts/Makefile.clean obj=fs/isofs
make -f scripts/Makefile.clean obj=fs/jbd
make -f scripts/Makefile.clean obj=fs/jbd2
make -f scripts/Makefile.clean obj=fs/jffs2
make -f scripts/Makefile.clean obj=fs/jfs
make -f scripts/Makefile.clean obj=fs/lockd
make -f scripts/Makefile.clean obj=fs/logfs
make -f scripts/Makefile.clean obj=fs/minix
make -f scripts/Makefile.clean obj=fs/ncpfs
make -f scripts/Makefile.clean obj=fs/nfs
make -f scripts/Makefile.clean obj=fs/nfs_common
make -f scripts/Makefile.clean obj=fs/nfsd
make -f scripts/Makefile.clean obj=fs/nilfs2
make -f scripts/Makefile.clean obj=fs/nls
make -f scripts/Makefile.clean obj=fs/notify
make -f scripts/Makefile.clean obj=fs/notify/dnotify
make -f scripts/Makefile.clean obj=fs/notify/inotify
make -f scripts/Makefile.clean obj=fs/ntfs
make -f scripts/Makefile.clean obj=fs/ocfs2
make -f scripts/Makefile.clean obj=fs/ocfs2/cluster
make -f scripts/Makefile.clean obj=fs/ocfs2/dlm
make -f scripts/Makefile.clean obj=fs/ocfs2/dlmfs
make -f scripts/Makefile.clean obj=fs/omfs
make -f scripts/Makefile.clean obj=fs/openpromfs
make -f scripts/Makefile.clean obj=fs/partitions
make -f scripts/Makefile.clean obj=fs/proc
make -f scripts/Makefile.clean obj=fs/qnx4
make -f scripts/Makefile.clean obj=fs/quota
make -f scripts/Makefile.clean obj=fs/ramfs
make -f scripts/Makefile.clean obj=fs/reiserfs
make -f scripts/Makefile.clean obj=fs/romfs
make -f scripts/Makefile.clean obj=fs/smbfs
make -f scripts/Makefile.clean obj=fs/squashfs
make -f scripts/Makefile.clean obj=fs/sysfs
make -f scripts/Makefile.clean obj=fs/sysv
make -f scripts/Makefile.clean obj=fs/ubifs
make -f scripts/Makefile.clean obj=fs/udf
make -f scripts/Makefile.clean obj=fs/ufs
make -f scripts/Makefile.clean obj=fs/xfs
make -f scripts/Makefile.clean obj=fs/yaffs2
make -f scripts/Makefile.clean obj=init
make -f scripts/Makefile.clean obj=ipc
make -f scripts/Makefile.clean obj=kernel
make -f scripts/Makefile.clean obj=kernel/debug
make -f scripts/Makefile.clean obj=kernel/debug/kdb
make -f scripts/Makefile.clean obj=kernel/gcov
make -f scripts/Makefile.clean obj=kernel/irq
make -f scripts/Makefile.clean obj=kernel/power
make -f scripts/Makefile.clean obj=kernel/time
make -f scripts/Makefile.clean obj=kernel/trace
make -f scripts/Makefile.clean obj=lib
make -f scripts/Makefile.clean obj=lib/lzo
make -f scripts/Makefile.clean obj=lib/reed_solomon
make -f scripts/Makefile.clean obj=lib/zlib_deflate
make -f scripts/Makefile.clean obj=lib/zlib_inflate
make -f scripts/Makefile.clean obj=mm
make -f scripts/Makefile.clean obj=net
make -f scripts/Makefile.clean obj=net/802
make -f scripts/Makefile.clean obj=net/9p
make -f scripts/Makefile.clean obj=net/appletalk
make -f scripts/Makefile.clean obj=net/atm
make -f scripts/Makefile.clean obj=net/ax25
make -f scripts/Makefile.clean obj=net/bluetooth
make -f scripts/Makefile.clean obj=net/bluetooth/bnep
make -f scripts/Makefile.clean obj=net/bluetooth/cmtp
make -f scripts/Makefile.clean obj=net/bluetooth/hidp
make -f scripts/Makefile.clean obj=net/bluetooth/rfcomm
make -f scripts/Makefile.clean obj=net/bridge
make -f scripts/Makefile.clean obj=net/bridge/netfilter
make -f scripts/Makefile.clean obj=net/caif
make -f scripts/Makefile.clean obj=net/can
make -f scripts/Makefile.clean obj=net/core
make -f scripts/Makefile.clean obj=net/dccp
make -f scripts/Makefile.clean obj=net/decnet
make -f scripts/Makefile.clean obj=net/decnet/netfilter
make -f scripts/Makefile.clean obj=net/dsa
make -f scripts/Makefile.clean obj=net/econet
make -f scripts/Makefile.clean obj=net/ethernet
make -f scripts/Makefile.clean obj=net/ieee802154
make -f scripts/Makefile.clean obj=net/ipv4
make -f scripts/Makefile.clean obj=net/ipv4/netfilter
make -f scripts/Makefile.clean obj=net/ipx
make -f scripts/Makefile.clean obj=net/irda
make -f scripts/Makefile.clean obj=net/irda/ircomm
make -f scripts/Makefile.clean obj=net/irda/irlan
make -f scripts/Makefile.clean obj=net/irda/irnet
make -f scripts/Makefile.clean obj=net/iucv
make -f scripts/Makefile.clean obj=net/key
make -f scripts/Makefile.clean obj=net/l2tp
make -f scripts/Makefile.clean obj=net/lapb
make -f scripts/Makefile.clean obj=net/llc
make -f scripts/Makefile.clean obj=net/mac80211
make -f scripts/Makefile.clean obj=net/netfilter
make -f scripts/Makefile.clean obj=net/netfilter/ipvs
make -f scripts/Makefile.clean obj=net/netlabel
make -f scripts/Makefile.clean obj=net/netlink
make -f scripts/Makefile.clean obj=net/netrom
make -f scripts/Makefile.clean obj=net/packet
make -f scripts/Makefile.clean obj=net/phonet
make -f scripts/Makefile.clean obj=net/rds
make -f scripts/Makefile.clean obj=net/rfkill
make -f scripts/Makefile.clean obj=net/rose
make -f scripts/Makefile.clean obj=net/rxrpc
make -f scripts/Makefile.clean obj=net/sched
make -f scripts/Makefile.clean obj=net/sctp
make -f scripts/Makefile.clean obj=net/sunrpc
make -f scripts/Makefile.clean obj=net/sunrpc/auth_gss
make -f scripts/Makefile.clean obj=net/sunrpc/xprtrdma
make -f scripts/Makefile.clean obj=net/tipc
make -f scripts/Makefile.clean obj=net/unix
make -f scripts/Makefile.clean obj=net/wanrouter
make -f scripts/Makefile.clean obj=net/wimax
make -f scripts/Makefile.clean obj=net/wireless
make -f scripts/Makefile.clean obj=net/x25
make -f scripts/Makefile.clean obj=net/xfrm
make -f scripts/Makefile.clean obj=security
make -f scripts/Makefile.clean obj=security/integrity/ima
make -f scripts/Makefile.clean obj=security/keys
make -f scripts/Makefile.clean obj=security/selinux
make -f scripts/Makefile.clean obj=security/selinux/ss
make -f scripts/Makefile.clean obj=security/smack
make -f scripts/Makefile.clean obj=security/tomoyo
make -f scripts/Makefile.clean obj=sound
make -f scripts/Makefile.clean obj=sound/aoa
make -f scripts/Makefile.clean obj=sound/aoa/codecs
make -f scripts/Makefile.clean obj=sound/aoa/core
make -f scripts/Makefile.clean obj=sound/aoa/fabrics
make -f scripts/Makefile.clean obj=sound/aoa/soundbus
make -f scripts/Makefile.clean obj=sound/aoa/soundbus/i2sbus
make -f scripts/Makefile.clean obj=sound/arm
make -f scripts/Makefile.clean obj=sound/atmel
make -f scripts/Makefile.clean obj=sound/core
make -f scripts/Makefile.clean obj=sound/core/oss
make -f scripts/Makefile.clean obj=sound/core/seq
make -f scripts/Makefile.clean obj=sound/drivers
make -f scripts/Makefile.clean obj=sound/drivers/mpu401
make -f scripts/Makefile.clean obj=sound/drivers/opl3
make -f scripts/Makefile.clean obj=sound/drivers/opl4
make -f scripts/Makefile.clean obj=sound/drivers/pcsp
make -f scripts/Makefile.clean obj=sound/drivers/vx
make -f scripts/Makefile.clean obj=sound/i2c
make -f scripts/Makefile.clean obj=sound/i2c/other
make -f scripts/Makefile.clean obj=sound/isa
make -f scripts/Makefile.clean obj=sound/isa/ad1816a
make -f scripts/Makefile.clean obj=sound/isa/ad1848
make -f scripts/Makefile.clean obj=sound/isa/cs423x
make -f scripts/Makefile.clean obj=sound/isa/es1688
make -f scripts/Makefile.clean obj=sound/isa/gus
make -f scripts/Makefile.clean obj=sound/isa/msnd
make -f scripts/Makefile.clean obj=sound/isa/opti9xx
make -f scripts/Makefile.clean obj=sound/isa/sb
make -f scripts/Makefile.clean obj=sound/isa/wavefront
make -f scripts/Makefile.clean obj=sound/isa/wss
make -f scripts/Makefile.clean obj=sound/mips
make -f scripts/Makefile.clean obj=sound/oss
make -f scripts/Makefile.clean obj=sound/oss/dmasound
make -f scripts/Makefile.clean obj=sound/parisc
make -f scripts/Makefile.clean obj=sound/pci
make -f scripts/Makefile.clean obj=sound/pci/ac97
make -f scripts/Makefile.clean obj=sound/pci/ali5451
make -f scripts/Makefile.clean obj=sound/pci/asihpi
make -f scripts/Makefile.clean obj=sound/pci/au88x0
make -f scripts/Makefile.clean obj=sound/pci/aw2
make -f scripts/Makefile.clean obj=sound/pci/ca0106
make -f scripts/Makefile.clean obj=sound/pci/cs46xx
make -f scripts/Makefile.clean obj=sound/pci/cs5535audio
make -f scripts/Makefile.clean obj=sound/pci/ctxfi
make -f scripts/Makefile.clean obj=sound/pci/echoaudio
make -f scripts/Makefile.clean obj=sound/pci/emu10k1
make -f scripts/Makefile.clean obj=sound/pci/hda
make -f scripts/Makefile.clean obj=sound/pci/ice1712
make -f scripts/Makefile.clean obj=sound/pci/korg1212
make -f scripts/Makefile.clean obj=sound/pci/lx6464es
make -f scripts/Makefile.clean obj=sound/pci/mixart
make -f scripts/Makefile.clean obj=sound/pci/nm256
make -f scripts/Makefile.clean obj=sound/pci/oxygen
make -f scripts/Makefile.clean obj=sound/pci/pcxhr
make -f scripts/Makefile.clean obj=sound/pci/riptide
make -f scripts/Makefile.clean obj=sound/pci/rme9652
make -f scripts/Makefile.clean obj=sound/pci/trident
make -f scripts/Makefile.clean obj=sound/pci/vx222
make -f scripts/Makefile.clean obj=sound/pci/ymfpci
make -f scripts/Makefile.clean obj=sound/pcmcia
make -f scripts/Makefile.clean obj=sound/pcmcia/pdaudiocf
make -f scripts/Makefile.clean obj=sound/pcmcia/vx
make -f scripts/Makefile.clean obj=sound/ppc
make -f scripts/Makefile.clean obj=sound/sh
make -f scripts/Makefile.clean obj=sound/soc
make -f scripts/Makefile.clean obj=sound/soc/atmel
make -f scripts/Makefile.clean obj=sound/soc/au1x
make -f scripts/Makefile.clean obj=sound/soc/blackfin
make -f scripts/Makefile.clean obj=sound/soc/codecs
make -f scripts/Makefile.clean obj=sound/soc/davinci
make -f scripts/Makefile.clean obj=sound/soc/fsl
make -f scripts/Makefile.clean obj=sound/soc/imx
make -f scripts/Makefile.clean obj=sound/soc/omap
make -f scripts/Makefile.clean obj=sound/soc/pxa
make -f scripts/Makefile.clean obj=sound/soc/s3c24xx
make -f scripts/Makefile.clean obj=sound/soc/s6000
make -f scripts/Makefile.clean obj=sound/soc/sh
make -f scripts/Makefile.clean obj=sound/soc/txx9
make -f scripts/Makefile.clean obj=sound/sparc
make -f scripts/Makefile.clean obj=sound/spi
make -f scripts/Makefile.clean obj=sound/synth
make -f scripts/Makefile.clean obj=sound/synth/emux
make -f scripts/Makefile.clean obj=sound/usb
make -f scripts/Makefile.clean obj=sound/usb/caiaq
make -f scripts/Makefile.clean obj=sound/usb/misc
make -f scripts/Makefile.clean obj=sound/usb/usx2y
make -f scripts/Makefile.clean obj=usr
make -f scripts/Makefile.clean obj=Documentation
make -f scripts/Makefile.clean obj=Documentation/DocBook
make -f scripts/Makefile.clean obj=Documentation/accounting
make -f scripts/Makefile.clean obj=Documentation/auxdisplay
make -f scripts/Makefile.clean obj=Documentation/connector
make -f scripts/Makefile.clean obj=Documentation/filesystems
make -f scripts/Makefile.clean obj=Documentation/filesystems/configfs
make -f scripts/Makefile.clean obj=Documentation/ia64
make -f scripts/Makefile.clean obj=Documentation/laptops
make -f scripts/Makefile.clean obj=Documentation/networking
make -f scripts/Makefile.clean obj=Documentation/networking/timestamping
make -f scripts/Makefile.clean obj=Documentation/pcmcia
make -f scripts/Makefile.clean obj=Documentation/spi
make -f scripts/Makefile.clean obj=Documentation/timers
make -f scripts/Makefile.clean obj=Documentation/video4linux
make -f scripts/Makefile.clean obj=Documentation/vm
make -f scripts/Makefile.clean obj=Documentation/watchdog/src
  rm -rf .tmp_versions
  rm -f vmlinux System.map .tmp_kallsyms* .tmp_version .tmp_vmlinux* .tmp_System.map
